<?xml version="1.0" encoding="UTF-8"?>
<!-- Generated by org.testng.reporters.JUnitXMLReporter -->
<testsuite ignored="1" hostname="DESKTOP-I44L1MS" failures="0" tests="1" name="Default test" time="21.648" errors="0" timestamp="2025-07-10T08:18:08 IST">
  <testcase classname="testcases.RegistrationTestCases" name="verifyRegistrationWithValidData" time="2.868"/>
  <testcase classname="testcases.RegistrationTestCases" name="verifyRegistrationWithBlankData" time="0.0">
    <ignored/>
  </testcase> <!-- verifyRegistrationWithBlankData -->
</testsuite> <!-- Default test -->
