<?xml version="1.0" encoding="UTF-8"?>
<testng-results ignored="1" total="2" passed="1" failed="0" skipped="0">
  <reporter-output>
  </reporter-output>
  <suite started-at="2025-07-10T08:17:46 IST" name="Default suite" finished-at="2025-07-10T08:18:08 IST" duration-ms="21648">
    <groups>
    </groups>
    <test started-at="2025-07-10T08:17:46 IST" name="Default test" finished-at="2025-07-10T08:18:08 IST" duration-ms="21648">
      <class name="testcases.RegistrationTestCases">
        <test-method is-config="true" signature="generateRandomEmailAddress()[pri:0, instance:testcases.RegistrationTestCases@75d3a5e0]" started-at="2025-07-10T08:17:47 IST" name="generateRandomEmailAddress" finished-at="2025-07-10T08:17:47 IST" duration-ms="113" status="PASS">
          <reporter-output>
          </reporter-output>
        </test-method> <!-- generateRandomEmailAddress -->
        <test-method is-config="true" signature="browserLaunch()[pri:0, instance:testcases.RegistrationTestCases@75d3a5e0]" started-at="2025-07-10T08:17:47 IST" name="browserLaunch" finished-at="2025-07-10T08:18:05 IST" duration-ms="18375" status="PASS">
          <reporter-output>
          </reporter-output>
        </test-method> <!-- browserLaunch -->
        <test-method signature="verifyRegistrationWithValidData()[pri:0, instance:testcases.RegistrationTestCases@75d3a5e0]" started-at="2025-07-10T08:18:05 IST" name="verifyRegistrationWithValidData" finished-at="2025-07-10T08:18:08 IST" duration-ms="2868" status="PASS">
          <reporter-output>
          </reporter-output>
        </test-method> <!-- verifyRegistrationWithValidData -->
      </class> <!-- testcases.RegistrationTestCases -->
    </test> <!-- Default test -->
  </suite> <!-- Default suite -->
</testng-results>
